<component name="libraryTable">
  <library name="junit-jupiter-api-5.9.1">
    <CLASSES>
      <root url="jar://$USER_HOME$/Downloads/Telegram Desktop/junit-jupiter-api-5.9.1.jar!/" />
    </CLASSES>
    <JAVADOC />
    <SOURCES />
  </library>
</component>